(Program,-1)
(declare,-1)
(integer,-1)
(a,0)
(declare,-1)
(integer,-1)
(b,1)
(declare,-1)
(integer,-1)
(c,2)
(declare,-1)
(string,-1)
(maxMessage,3)
(=,-1)
(",-1)
(Biggestnumberis:,4)
(",-1)
(decide,-1)
(a,0)
(<,-1)
(b,1)
(then,-1)
(do,-1)
(go,-1)
(decide,-1)
(b,1)
(<,-1)
(c,2)
(then,-1)
(do,-1)
(write,-1)
(maxMessage,3)
(c,2)
(else,-1)
(do,-1)
(write,-1)
(maxMessage,3)
(b,1)
(halt,-1)
(else,-1)
(do,-1)
(go,-1)
(decide,-1)
(a,0)
(<,-1)
(c,2)
(then,-1)
(do,-1)
(write,-1)
(maxMessage,3)
(c,2)
(else,-1)
(do,-1)
(write,-1)
(maxMessage,3)
(a,0)
